<?xml version="1.0" encoding="UTF-8"?>
<testng-results ignored="0" total="12" passed="12" failed="0" skipped="0">
  <reporter-output>
  </reporter-output>
  <suite started-at="2026-08-31T22:46:25 IST" name="MagicBricks Automation Suite" finished-at="2026-08-31T22:49:55 IST" duration-ms="210641">
    <groups>
      <group name="regression">
        <method signature="HomePageTest.verifySearchTabsPresenceAndDefaultState()[pri:3, instance:com.magicbricks.tests.HomePageTest@25d250c6]" name="verifySearchTabsPresenceAndDefaultState" class="com.magicbricks.tests.HomePageTest"/>
        <method signature="HomePageTest.verifySearchAutocompleteTriggers(java.lang.String,java.lang.String)[pri:4, instance:com.magicbricks.tests.HomePageTest@25d250c6]" name="verifySearchAutocompleteTriggers" class="com.magicbricks.tests.HomePageTest"/>
        <method signature="HomePageTest.verifyTabSwitchingBuyRent()[pri:5, instance:com.magicbricks.tests.HomePageTest@25d250c6]" name="verifyTabSwitchingBuyRent" class="com.magicbricks.tests.HomePageTest"/>
        <method signature="LoginTest.verifyValidMobileNumberEntry(java.lang.String,java.lang.String,java.lang.String)[pri:2, instance:com.magicbricks.tests.LoginTest@9353778]" name="verifyValidMobileNumberEntry" class="com.magicbricks.tests.LoginTest"/>
        <method signature="LoginTest.verifyInvalidMobileNumberRejected(java.lang.String,java.lang.String,java.lang.String)[pri:3, instance:com.magicbricks.tests.LoginTest@9353778]" name="verifyInvalidMobileNumberRejected" class="com.magicbricks.tests.LoginTest"/>
      </group> <!-- regression -->
      <group name="smoke">
        <method signature="HomePageTest.verifyHomePageTitle()[pri:1, instance:com.magicbricks.tests.HomePageTest@25d250c6]" name="verifyHomePageTitle" class="com.magicbricks.tests.HomePageTest"/>
        <method signature="HomePageTest.verifyHeaderElementsVisibility()[pri:2, instance:com.magicbricks.tests.HomePageTest@25d250c6]" name="verifyHeaderElementsVisibility" class="com.magicbricks.tests.HomePageTest"/>
        <method signature="LoginTest.verifyLoginDropdownOpens()[pri:1, instance:com.magicbricks.tests.LoginTest@9353778]" name="verifyLoginDropdownOpens" class="com.magicbricks.tests.LoginTest"/>
      </group> <!-- smoke -->
      <group name="login">
        <method signature="LoginTest.verifyLoginDropdownOpens()[pri:1, instance:com.magicbricks.tests.LoginTest@9353778]" name="verifyLoginDropdownOpens" class="com.magicbricks.tests.LoginTest"/>
        <method signature="LoginTest.verifyValidMobileNumberEntry(java.lang.String,java.lang.String,java.lang.String)[pri:2, instance:com.magicbricks.tests.LoginTest@9353778]" name="verifyValidMobileNumberEntry" class="com.magicbricks.tests.LoginTest"/>
        <method signature="LoginTest.verifyInvalidMobileNumberRejected(java.lang.String,java.lang.String,java.lang.String)[pri:3, instance:com.magicbricks.tests.LoginTest@9353778]" name="verifyInvalidMobileNumberRejected" class="com.magicbricks.tests.LoginTest"/>
      </group> <!-- login -->
      <group name="homepage">
        <method signature="HomePageTest.verifyHomePageTitle()[pri:1, instance:com.magicbricks.tests.HomePageTest@25d250c6]" name="verifyHomePageTitle" class="com.magicbricks.tests.HomePageTest"/>
        <method signature="HomePageTest.verifyHeaderElementsVisibility()[pri:2, instance:com.magicbricks.tests.HomePageTest@25d250c6]" name="verifyHeaderElementsVisibility" class="com.magicbricks.tests.HomePageTest"/>
        <method signature="HomePageTest.verifySearchTabsPresenceAndDefaultState()[pri:3, instance:com.magicbricks.tests.HomePageTest@25d250c6]" name="verifySearchTabsPresenceAndDefaultState" class="com.magicbricks.tests.HomePageTest"/>
        <method signature="HomePageTest.verifySearchAutocompleteTriggers(java.lang.String,java.lang.String)[pri:4, instance:com.magicbricks.tests.HomePageTest@25d250c6]" name="verifySearchAutocompleteTriggers" class="com.magicbricks.tests.HomePageTest"/>
        <method signature="HomePageTest.verifyTabSwitchingBuyRent()[pri:5, instance:com.magicbricks.tests.HomePageTest@25d250c6]" name="verifyTabSwitchingBuyRent" class="com.magicbricks.tests.HomePageTest"/>
      </group> <!-- homepage -->
    </groups>
    <test started-at="2026-08-31T22:46:25 IST" name="Home Page Module Tests" finished-at="2026-08-31T22:47:23 IST" duration-ms="58400">
      <class name="com.magicbricks.tests.HomePageTest">
        <test-method is-config="true" signature="setUp()[pri:0, instance:com.magicbricks.tests.HomePageTest@25d250c6]" started-at="2026-08-31T22:46:25 IST" name="setUp" finished-at="2026-08-31T22:46:35 IST" duration-ms="10210" status="PASS">
          <reporter-output>
          </reporter-output>
        </test-method> <!-- setUp -->
        <test-method is-config="true" signature="initPage()[pri:0, instance:com.magicbricks.tests.HomePageTest@25d250c6]" started-at="2026-08-31T22:46:35 IST" name="initPage" finished-at="2026-08-31T22:46:35 IST" duration-ms="55" status="PASS">
          <reporter-output>
          </reporter-output>
        </test-method> <!-- initPage -->
        <test-method signature="verifyHomePageTitle()[pri:1, instance:com.magicbricks.tests.HomePageTest@25d250c6]" started-at="2026-08-31T22:46:35 IST" name="verifyHomePageTitle" description="TC_HP_001: Verify home page title contains MagicBricks" finished-at="2026-08-31T22:46:35 IST" duration-ms="14" status="PASS">
          <reporter-output>
          </reporter-output>
        </test-method> <!-- verifyHomePageTitle -->
        <test-method is-config="true" signature="tearDown()[pri:0, instance:com.magicbricks.tests.HomePageTest@25d250c6]" started-at="2026-08-31T22:46:35 IST" name="tearDown" finished-at="2026-08-31T22:46:35 IST" duration-ms="507" status="PASS">
          <reporter-output>
          </reporter-output>
        </test-method> <!-- tearDown -->
        <test-method is-config="true" signature="setUp()[pri:0, instance:com.magicbricks.tests.HomePageTest@25d250c6]" started-at="2026-08-31T22:46:35 IST" name="setUp" finished-at="2026-08-31T22:46:40 IST" duration-ms="4732" status="PASS">
          <reporter-output>
          </reporter-output>
        </test-method> <!-- setUp -->
        <test-method is-config="true" signature="initPage()[pri:0, instance:com.magicbricks.tests.HomePageTest@25d250c6]" started-at="2026-08-31T22:46:40 IST" name="initPage" finished-at="2026-08-31T22:46:40 IST" duration-ms="7" status="PASS">
          <reporter-output>
          </reporter-output>
        </test-method> <!-- initPage -->
        <test-method signature="verifyHeaderElementsVisibility()[pri:2, instance:com.magicbricks.tests.HomePageTest@25d250c6]" started-at="2026-08-31T22:46:40 IST" name="verifyHeaderElementsVisibility" description="TC_HP_002: Verify header elements (logo, login, post property) are visible" finished-at="2026-08-31T22:46:43 IST" duration-ms="2920" status="PASS">
          <reporter-output>
          </reporter-output>
        </test-method> <!-- verifyHeaderElementsVisibility -->
        <test-method is-config="true" signature="tearDown()[pri:0, instance:com.magicbricks.tests.HomePageTest@25d250c6]" started-at="2026-08-31T22:46:43 IST" name="tearDown" finished-at="2026-08-31T22:46:43 IST" duration-ms="195" status="PASS">
          <reporter-output>
          </reporter-output>
        </test-method> <!-- tearDown -->
        <test-method is-config="true" signature="setUp()[pri:0, instance:com.magicbricks.tests.HomePageTest@25d250c6]" started-at="2026-08-31T22:46:43 IST" name="setUp" finished-at="2026-08-31T22:46:48 IST" duration-ms="4244" status="PASS">
          <reporter-output>
          </reporter-output>
        </test-method> <!-- setUp -->
        <test-method is-config="true" signature="initPage()[pri:0, instance:com.magicbricks.tests.HomePageTest@25d250c6]" started-at="2026-08-31T22:46:48 IST" name="initPage" finished-at="2026-08-31T22:46:48 IST" duration-ms="8" status="PASS">
          <reporter-output>
          </reporter-output>
        </test-method> <!-- initPage -->
        <test-method signature="verifySearchTabsPresenceAndDefaultState()[pri:3, instance:com.magicbricks.tests.HomePageTest@25d250c6]" started-at="2026-08-31T22:46:48 IST" name="verifySearchTabsPresenceAndDefaultState" description="TC_HP_003: Verify search tabs presence and Buy is default active" finished-at="2026-08-31T22:46:50 IST" duration-ms="2081" status="PASS">
          <reporter-output>
          </reporter-output>
        </test-method> <!-- verifySearchTabsPresenceAndDefaultState -->
        <test-method is-config="true" signature="tearDown()[pri:0, instance:com.magicbricks.tests.HomePageTest@25d250c6]" started-at="2026-08-31T22:46:50 IST" name="tearDown" finished-at="2026-08-31T22:46:50 IST" duration-ms="261" status="PASS">
          <reporter-output>
          </reporter-output>
        </test-method> <!-- tearDown -->
        <test-method is-config="true" signature="setUp()[pri:0, instance:com.magicbricks.tests.HomePageTest@25d250c6]" started-at="2026-08-31T22:46:51 IST" name="setUp" finished-at="2026-08-31T22:46:55 IST" duration-ms="3986" status="PASS">
          <reporter-output>
          </reporter-output>
        </test-method> <!-- setUp -->
        <test-method is-config="true" signature="initPage()[pri:0, instance:com.magicbricks.tests.HomePageTest@25d250c6]" started-at="2026-08-31T22:46:55 IST" name="initPage" finished-at="2026-08-31T22:46:55 IST" duration-ms="6" status="PASS">
          <reporter-output>
          </reporter-output>
        </test-method> <!-- initPage -->
        <test-method signature="verifySearchAutocompleteTriggers(java.lang.String,java.lang.String)[pri:4, instance:com.magicbricks.tests.HomePageTest@25d250c6]" started-at="2026-08-31T22:46:55 IST" name="verifySearchAutocompleteTriggers" description="TC_HP_004: Verify autocomplete suggestions appear when typing in search" data-provider="searchLocalitiesData" finished-at="2026-08-31T22:46:59 IST" duration-ms="3957" status="PASS">
          <params>
            <param index="0">
              <value>
                <![CDATA[Whitefield]]>
              </value>
            </param>
            <param index="1">
              <value>
                <![CDATA[Whitefield]]>
              </value>
            </param>
          </params>
          <reporter-output>
          </reporter-output>
        </test-method> <!-- verifySearchAutocompleteTriggers -->
        <test-method is-config="true" signature="tearDown()[pri:0, instance:com.magicbricks.tests.HomePageTest@25d250c6]" started-at="2026-08-31T22:46:59 IST" name="tearDown" finished-at="2026-08-31T22:46:59 IST" duration-ms="213" status="PASS">
          <reporter-output>
          </reporter-output>
        </test-method> <!-- tearDown -->
        <test-method is-config="true" signature="setUp()[pri:0, instance:com.magicbricks.tests.HomePageTest@25d250c6]" started-at="2026-08-31T22:46:59 IST" name="setUp" finished-at="2026-08-31T22:47:03 IST" duration-ms="3839" status="PASS">
          <reporter-output>
          </reporter-output>
        </test-method> <!-- setUp -->
        <test-method is-config="true" signature="initPage()[pri:0, instance:com.magicbricks.tests.HomePageTest@25d250c6]" started-at="2026-08-31T22:47:03 IST" name="initPage" finished-at="2026-08-31T22:47:03 IST" duration-ms="2" status="PASS">
          <reporter-output>
          </reporter-output>
        </test-method> <!-- initPage -->
        <test-method signature="verifySearchAutocompleteTriggers(java.lang.String,java.lang.String)[pri:4, instance:com.magicbricks.tests.HomePageTest@25d250c6]" started-at="2026-08-31T22:47:03 IST" name="verifySearchAutocompleteTriggers" description="TC_HP_004: Verify autocomplete suggestions appear when typing in search" data-provider="searchLocalitiesData" finished-at="2026-08-31T22:47:06 IST" duration-ms="3662" status="PASS">
          <params>
            <param index="0">
              <value>
                <![CDATA[Koramangala]]>
              </value>
            </param>
            <param index="1">
              <value>
                <![CDATA[Koramangala]]>
              </value>
            </param>
          </params>
          <reporter-output>
          </reporter-output>
        </test-method> <!-- verifySearchAutocompleteTriggers -->
        <test-method is-config="true" signature="tearDown()[pri:0, instance:com.magicbricks.tests.HomePageTest@25d250c6]" started-at="2026-08-31T22:47:06 IST" name="tearDown" finished-at="2026-08-31T22:47:07 IST" duration-ms="258" status="PASS">
          <reporter-output>
          </reporter-output>
        </test-method> <!-- tearDown -->
        <test-method is-config="true" signature="setUp()[pri:0, instance:com.magicbricks.tests.HomePageTest@25d250c6]" started-at="2026-08-31T22:47:07 IST" name="setUp" finished-at="2026-08-31T22:47:11 IST" duration-ms="4182" status="PASS">
          <reporter-output>
          </reporter-output>
        </test-method> <!-- setUp -->
        <test-method is-config="true" signature="initPage()[pri:0, instance:com.magicbricks.tests.HomePageTest@25d250c6]" started-at="2026-08-31T22:47:11 IST" name="initPage" finished-at="2026-08-31T22:47:11 IST" duration-ms="4" status="PASS">
          <reporter-output>
          </reporter-output>
        </test-method> <!-- initPage -->
        <test-method signature="verifySearchAutocompleteTriggers(java.lang.String,java.lang.String)[pri:4, instance:com.magicbricks.tests.HomePageTest@25d250c6]" started-at="2026-08-31T22:47:11 IST" name="verifySearchAutocompleteTriggers" description="TC_HP_004: Verify autocomplete suggestions appear when typing in search" data-provider="searchLocalitiesData" finished-at="2026-08-31T22:47:14 IST" duration-ms="3438" status="PASS">
          <params>
            <param index="0">
              <value>
                <![CDATA[Indiranagar]]>
              </value>
            </param>
            <param index="1">
              <value>
                <![CDATA[Indiranagar]]>
              </value>
            </param>
          </params>
          <reporter-output>
          </reporter-output>
        </test-method> <!-- verifySearchAutocompleteTriggers -->
        <test-method is-config="true" signature="tearDown()[pri:0, instance:com.magicbricks.tests.HomePageTest@25d250c6]" started-at="2026-08-31T22:47:14 IST" name="tearDown" finished-at="2026-08-31T22:47:15 IST" duration-ms="304" status="PASS">
          <reporter-output>
          </reporter-output>
        </test-method> <!-- tearDown -->
        <test-method is-config="true" signature="setUp()[pri:0, instance:com.magicbricks.tests.HomePageTest@25d250c6]" started-at="2026-08-31T22:47:15 IST" name="setUp" finished-at="2026-08-31T22:47:19 IST" duration-ms="3888" status="PASS">
          <reporter-output>
          </reporter-output>
        </test-method> <!-- setUp -->
        <test-method is-config="true" signature="initPage()[pri:0, instance:com.magicbricks.tests.HomePageTest@25d250c6]" started-at="2026-08-31T22:47:19 IST" name="initPage" finished-at="2026-08-31T22:47:19 IST" duration-ms="4" status="PASS">
          <reporter-output>
          </reporter-output>
        </test-method> <!-- initPage -->
        <test-method signature="verifyTabSwitchingBuyRent()[pri:5, instance:com.magicbricks.tests.HomePageTest@25d250c6]" started-at="2026-08-31T22:47:19 IST" name="verifyTabSwitchingBuyRent" description="TC_HP_005: Verify Buy/Rent tab switching toggles active state" finished-at="2026-08-31T22:47:23 IST" duration-ms="4098" status="PASS">
          <reporter-output>
          </reporter-output>
        </test-method> <!-- verifyTabSwitchingBuyRent -->
        <test-method is-config="true" signature="tearDown()[pri:0, instance:com.magicbricks.tests.HomePageTest@25d250c6]" started-at="2026-08-31T22:47:23 IST" name="tearDown" finished-at="2026-08-31T22:47:23 IST" duration-ms="238" status="PASS">
          <reporter-output>
          </reporter-output>
        </test-method> <!-- tearDown -->
      </class> <!-- com.magicbricks.tests.HomePageTest -->
    </test> <!-- Home Page Module Tests -->
    <test started-at="2026-08-31T22:47:23 IST" name="Login Module Tests" finished-at="2026-08-31T22:49:55 IST" duration-ms="152176">
      <class name="com.magicbricks.tests.LoginTest">
        <test-method is-config="true" signature="setUp()[pri:0, instance:com.magicbricks.tests.LoginTest@9353778]" started-at="2026-08-31T22:47:23 IST" name="setUp" finished-at="2026-08-31T22:47:28 IST" duration-ms="4601" status="PASS">
          <reporter-output>
          </reporter-output>
        </test-method> <!-- setUp -->
        <test-method is-config="true" signature="initPages()[pri:0, instance:com.magicbricks.tests.LoginTest@9353778]" started-at="2026-08-31T22:47:28 IST" name="initPages" finished-at="2026-08-31T22:47:28 IST" duration-ms="62" status="PASS">
          <reporter-output>
          </reporter-output>
        </test-method> <!-- initPages -->
        <test-method signature="verifyLoginDropdownOpens()[pri:1, instance:com.magicbricks.tests.LoginTest@9353778]" started-at="2026-08-31T22:47:28 IST" name="verifyLoginDropdownOpens" description="TC_LG_001: Verify login dropdown opens and Login/Sign Up CTA is visible" finished-at="2026-08-31T22:47:29 IST" duration-ms="1367" status="PASS">
          <reporter-output>
          </reporter-output>
        </test-method> <!-- verifyLoginDropdownOpens -->
        <test-method is-config="true" signature="tearDown()[pri:0, instance:com.magicbricks.tests.LoginTest@9353778]" started-at="2026-08-31T22:47:29 IST" name="tearDown" finished-at="2026-08-31T22:47:29 IST" duration-ms="300" status="PASS">
          <reporter-output>
          </reporter-output>
        </test-method> <!-- tearDown -->
        <test-method is-config="true" signature="setUp()[pri:0, instance:com.magicbricks.tests.LoginTest@9353778]" started-at="2026-08-31T22:47:29 IST" name="setUp" finished-at="2026-08-31T22:47:34 IST" duration-ms="4327" status="PASS">
          <reporter-output>
          </reporter-output>
        </test-method> <!-- setUp -->
        <test-method is-config="true" signature="initPages()[pri:0, instance:com.magicbricks.tests.LoginTest@9353778]" started-at="2026-08-31T22:47:34 IST" name="initPages" finished-at="2026-08-31T22:47:34 IST" duration-ms="5" status="PASS">
          <reporter-output>
          </reporter-output>
        </test-method> <!-- initPages -->
        <test-method signature="verifyValidMobileNumberEntry(java.lang.String,java.lang.String,java.lang.String)[pri:2, instance:com.magicbricks.tests.LoginTest@9353778]" started-at="2026-08-31T22:47:34 IST" name="verifyValidMobileNumberEntry" description="TC_LG_002: Verify valid 10-digit mobile number entry and OTP prompt on login page" data-provider="validLoginMobileData" finished-at="2026-08-31T22:48:01 IST" duration-ms="27224" status="PASS">
          <params>
            <param index="0">
              <value>
                <![CDATA[Primary Live Mobile (OTP flow)]]>
              </value>
            </param>
            <param index="1">
              <value>
                <![CDATA[9518306867]]>
              </value>
            </param>
            <param index="2">
              <value>
                <![CDATA[Valid]]>
              </value>
            </param>
          </params>
          <reporter-output>
          </reporter-output>
        </test-method> <!-- verifyValidMobileNumberEntry -->
        <test-method is-config="true" signature="tearDown()[pri:0, instance:com.magicbricks.tests.LoginTest@9353778]" started-at="2026-08-31T22:48:01 IST" name="tearDown" finished-at="2026-08-31T22:48:04 IST" duration-ms="3282" status="PASS">
          <reporter-output>
          </reporter-output>
        </test-method> <!-- tearDown -->
        <test-method is-config="true" signature="setUp()[pri:0, instance:com.magicbricks.tests.LoginTest@9353778]" started-at="2026-08-31T22:48:04 IST" name="setUp" finished-at="2026-08-31T22:48:09 IST" duration-ms="4878" status="PASS">
          <reporter-output>
          </reporter-output>
        </test-method> <!-- setUp -->
        <test-method is-config="true" signature="initPages()[pri:0, instance:com.magicbricks.tests.LoginTest@9353778]" started-at="2026-08-31T22:48:09 IST" name="initPages" finished-at="2026-08-31T22:48:09 IST" duration-ms="2" status="PASS">
          <reporter-output>
          </reporter-output>
        </test-method> <!-- initPages -->
        <test-method signature="verifyInvalidMobileNumberRejected(java.lang.String,java.lang.String,java.lang.String)[pri:3, instance:com.magicbricks.tests.LoginTest@9353778]" started-at="2026-08-31T22:48:09 IST" name="verifyInvalidMobileNumberRejected" description="TC_LG_003: Verify invalid mobile/email input is rejected with error" data-provider="invalidLoginMobileData" finished-at="2026-08-31T22:48:35 IST" duration-ms="26248" status="PASS">
          <params>
            <param index="0">
              <value>
                <![CDATA[Too short (5 digits)]]>
              </value>
            </param>
            <param index="1">
              <value>
                <![CDATA[12345]]>
              </value>
            </param>
            <param index="2">
              <value>
                <![CDATA[Invalid]]>
              </value>
            </param>
          </params>
          <reporter-output>
          </reporter-output>
        </test-method> <!-- verifyInvalidMobileNumberRejected -->
        <test-method is-config="true" signature="tearDown()[pri:0, instance:com.magicbricks.tests.LoginTest@9353778]" started-at="2026-08-31T22:48:35 IST" name="tearDown" finished-at="2026-08-31T22:48:41 IST" duration-ms="5497" status="PASS">
          <reporter-output>
          </reporter-output>
        </test-method> <!-- tearDown -->
        <test-method is-config="true" signature="setUp()[pri:0, instance:com.magicbricks.tests.LoginTest@9353778]" started-at="2026-08-31T22:48:41 IST" name="setUp" finished-at="2026-08-31T22:48:46 IST" duration-ms="4958" status="PASS">
          <reporter-output>
          </reporter-output>
        </test-method> <!-- setUp -->
        <test-method is-config="true" signature="initPages()[pri:0, instance:com.magicbricks.tests.LoginTest@9353778]" started-at="2026-08-31T22:48:46 IST" name="initPages" finished-at="2026-08-31T22:48:46 IST" duration-ms="10" status="PASS">
          <reporter-output>
          </reporter-output>
        </test-method> <!-- initPages -->
        <test-method signature="verifyInvalidMobileNumberRejected(java.lang.String,java.lang.String,java.lang.String)[pri:3, instance:com.magicbricks.tests.LoginTest@9353778]" started-at="2026-08-31T22:48:46 IST" name="verifyInvalidMobileNumberRejected" description="TC_LG_003: Verify invalid mobile/email input is rejected with error" data-provider="invalidLoginMobileData" finished-at="2026-08-31T22:49:12 IST" duration-ms="26208" status="PASS">
          <params>
            <param index="0">
              <value>
                <![CDATA[Alphabetic characters]]>
              </value>
            </param>
            <param index="1">
              <value>
                <![CDATA[abcdefghij]]>
              </value>
            </param>
            <param index="2">
              <value>
                <![CDATA[Invalid]]>
              </value>
            </param>
          </params>
          <reporter-output>
          </reporter-output>
        </test-method> <!-- verifyInvalidMobileNumberRejected -->
        <test-method is-config="true" signature="tearDown()[pri:0, instance:com.magicbricks.tests.LoginTest@9353778]" started-at="2026-08-31T22:49:12 IST" name="tearDown" finished-at="2026-08-31T22:49:18 IST" duration-ms="6361" status="PASS">
          <reporter-output>
          </reporter-output>
        </test-method> <!-- tearDown -->
        <test-method is-config="true" signature="setUp()[pri:0, instance:com.magicbricks.tests.LoginTest@9353778]" started-at="2026-08-31T22:49:19 IST" name="setUp" finished-at="2026-08-31T22:49:23 IST" duration-ms="4255" status="PASS">
          <reporter-output>
          </reporter-output>
        </test-method> <!-- setUp -->
        <test-method is-config="true" signature="initPages()[pri:0, instance:com.magicbricks.tests.LoginTest@9353778]" started-at="2026-08-31T22:49:23 IST" name="initPages" finished-at="2026-08-31T22:49:23 IST" duration-ms="12" status="PASS">
          <reporter-output>
          </reporter-output>
        </test-method> <!-- initPages -->
        <test-method signature="verifyInvalidMobileNumberRejected(java.lang.String,java.lang.String,java.lang.String)[pri:3, instance:com.magicbricks.tests.LoginTest@9353778]" started-at="2026-08-31T22:49:23 IST" name="verifyInvalidMobileNumberRejected" description="TC_LG_003: Verify invalid mobile/email input is rejected with error" data-provider="invalidLoginMobileData" finished-at="2026-08-31T22:49:49 IST" duration-ms="26400" status="PASS">
          <params>
            <param index="0">
              <value>
                <![CDATA[Special characters]]>
              </value>
            </param>
            <param index="1">
              <value>
                <![CDATA[!@#$%^&*]]>
              </value>
            </param>
            <param index="2">
              <value>
                <![CDATA[Invalid]]>
              </value>
            </param>
          </params>
          <reporter-output>
          </reporter-output>
        </test-method> <!-- verifyInvalidMobileNumberRejected -->
        <test-method is-config="true" signature="tearDown()[pri:0, instance:com.magicbricks.tests.LoginTest@9353778]" started-at="2026-08-31T22:49:49 IST" name="tearDown" finished-at="2026-08-31T22:49:55 IST" duration-ms="5945" status="PASS">
          <reporter-output>
          </reporter-output>
        </test-method> <!-- tearDown -->
      </class> <!-- com.magicbricks.tests.LoginTest -->
    </test> <!-- Login Module Tests -->
  </suite> <!-- MagicBricks Automation Suite -->
</testng-results>
