<?xml version="1.0" encoding="UTF-8"?>
<testng-results ignored="0" total="12" passed="12" failed="0" skipped="0">
  <reporter-output>
  </reporter-output>
  <suite started-at="2026-08-31T22:17:40 IST" name="MagicBricks Automation Suite" finished-at="2026-08-31T22:21:19 IST" duration-ms="218888">
    <groups>
      <group name="regression">
        <method signature="HomePageTest.verifySearchTabsPresenceAndDefaultState()[pri:3, instance:com.magicbricks.tests.HomePageTest@25d250c6]" name="verifySearchTabsPresenceAndDefaultState" class="com.magicbricks.tests.HomePageTest"/>
        <method signature="HomePageTest.verifySearchAutocompleteTriggers(java.lang.String,java.lang.String)[pri:4, instance:com.magicbricks.tests.HomePageTest@25d250c6]" name="verifySearchAutocompleteTriggers" class="com.magicbricks.tests.HomePageTest"/>
        <method signature="HomePageTest.verifyTabSwitchingBuyRent()[pri:5, instance:com.magicbricks.tests.HomePageTest@25d250c6]" name="verifyTabSwitchingBuyRent" class="com.magicbricks.tests.HomePageTest"/>
        <method signature="LoginTest.verifyValidMobileNumberEntry(java.lang.String,java.lang.String,java.lang.String)[pri:2, instance:com.magicbricks.tests.LoginTest@9353778]" name="verifyValidMobileNumberEntry" class="com.magicbricks.tests.LoginTest"/>
        <method signature="LoginTest.verifyInvalidMobileNumberRejected(java.lang.String,java.lang.String,java.lang.String)[pri:3, instance:com.magicbricks.tests.LoginTest@9353778]" name="verifyInvalidMobileNumberRejected" class="com.magicbricks.tests.LoginTest"/>
      </group> <!-- regression -->
      <group name="smoke">
        <method signature="HomePageTest.verifyHomePageTitle()[pri:1, instance:com.magicbricks.tests.HomePageTest@25d250c6]" name="verifyHomePageTitle" class="com.magicbricks.tests.HomePageTest"/>
        <method signature="HomePageTest.verifyHeaderElementsVisibility()[pri:2, instance:com.magicbricks.tests.HomePageTest@25d250c6]" name="verifyHeaderElementsVisibility" class="com.magicbricks.tests.HomePageTest"/>
        <method signature="LoginTest.verifyLoginDropdownOpens()[pri:1, instance:com.magicbricks.tests.LoginTest@9353778]" name="verifyLoginDropdownOpens" class="com.magicbricks.tests.LoginTest"/>
      </group> <!-- smoke -->
      <group name="login">
        <method signature="LoginTest.verifyLoginDropdownOpens()[pri:1, instance:com.magicbricks.tests.LoginTest@9353778]" name="verifyLoginDropdownOpens" class="com.magicbricks.tests.LoginTest"/>
        <method signature="LoginTest.verifyValidMobileNumberEntry(java.lang.String,java.lang.String,java.lang.String)[pri:2, instance:com.magicbricks.tests.LoginTest@9353778]" name="verifyValidMobileNumberEntry" class="com.magicbricks.tests.LoginTest"/>
        <method signature="LoginTest.verifyInvalidMobileNumberRejected(java.lang.String,java.lang.String,java.lang.String)[pri:3, instance:com.magicbricks.tests.LoginTest@9353778]" name="verifyInvalidMobileNumberRejected" class="com.magicbricks.tests.LoginTest"/>
      </group> <!-- login -->
      <group name="homepage">
        <method signature="HomePageTest.verifyHomePageTitle()[pri:1, instance:com.magicbricks.tests.HomePageTest@25d250c6]" name="verifyHomePageTitle" class="com.magicbricks.tests.HomePageTest"/>
        <method signature="HomePageTest.verifyHeaderElementsVisibility()[pri:2, instance:com.magicbricks.tests.HomePageTest@25d250c6]" name="verifyHeaderElementsVisibility" class="com.magicbricks.tests.HomePageTest"/>
        <method signature="HomePageTest.verifySearchTabsPresenceAndDefaultState()[pri:3, instance:com.magicbricks.tests.HomePageTest@25d250c6]" name="verifySearchTabsPresenceAndDefaultState" class="com.magicbricks.tests.HomePageTest"/>
        <method signature="HomePageTest.verifySearchAutocompleteTriggers(java.lang.String,java.lang.String)[pri:4, instance:com.magicbricks.tests.HomePageTest@25d250c6]" name="verifySearchAutocompleteTriggers" class="com.magicbricks.tests.HomePageTest"/>
        <method signature="HomePageTest.verifyTabSwitchingBuyRent()[pri:5, instance:com.magicbricks.tests.HomePageTest@25d250c6]" name="verifyTabSwitchingBuyRent" class="com.magicbricks.tests.HomePageTest"/>
      </group> <!-- homepage -->
    </groups>
    <test started-at="2026-08-31T22:17:40 IST" name="Home Page Module Tests" finished-at="2026-08-31T22:18:41 IST" duration-ms="60601">
      <class name="com.magicbricks.tests.HomePageTest">
        <test-method is-config="true" signature="setUp()[pri:0, instance:com.magicbricks.tests.HomePageTest@25d250c6]" started-at="2026-08-31T22:17:41 IST" name="setUp" finished-at="2026-08-31T22:17:51 IST" duration-ms="10462" status="PASS">
          <reporter-output>
          </reporter-output>
        </test-method> <!-- setUp -->
        <test-method is-config="true" signature="initPage()[pri:0, instance:com.magicbricks.tests.HomePageTest@25d250c6]" started-at="2026-08-31T22:17:51 IST" name="initPage" finished-at="2026-08-31T22:17:51 IST" duration-ms="125" status="PASS">
          <reporter-output>
          </reporter-output>
        </test-method> <!-- initPage -->
        <test-method signature="verifyHomePageTitle()[pri:1, instance:com.magicbricks.tests.HomePageTest@25d250c6]" started-at="2026-08-31T22:17:51 IST" name="verifyHomePageTitle" description="TC_HP_001: Verify home page title contains MagicBricks" finished-at="2026-08-31T22:17:51 IST" duration-ms="29" status="PASS">
          <reporter-output>
          </reporter-output>
        </test-method> <!-- verifyHomePageTitle -->
        <test-method is-config="true" signature="tearDown()[pri:0, instance:com.magicbricks.tests.HomePageTest@25d250c6]" started-at="2026-08-31T22:17:51 IST" name="tearDown" finished-at="2026-08-31T22:17:52 IST" duration-ms="236" status="PASS">
          <reporter-output>
          </reporter-output>
        </test-method> <!-- tearDown -->
        <test-method is-config="true" signature="setUp()[pri:0, instance:com.magicbricks.tests.HomePageTest@25d250c6]" started-at="2026-08-31T22:17:52 IST" name="setUp" finished-at="2026-08-31T22:17:56 IST" duration-ms="4188" status="PASS">
          <reporter-output>
          </reporter-output>
        </test-method> <!-- setUp -->
        <test-method is-config="true" signature="initPage()[pri:0, instance:com.magicbricks.tests.HomePageTest@25d250c6]" started-at="2026-08-31T22:17:56 IST" name="initPage" finished-at="2026-08-31T22:17:56 IST" duration-ms="9" status="PASS">
          <reporter-output>
          </reporter-output>
        </test-method> <!-- initPage -->
        <test-method signature="verifyHeaderElementsVisibility()[pri:2, instance:com.magicbricks.tests.HomePageTest@25d250c6]" started-at="2026-08-31T22:17:56 IST" name="verifyHeaderElementsVisibility" description="TC_HP_002: Verify header elements (logo, login, post property) are visible" finished-at="2026-08-31T22:17:59 IST" duration-ms="3229" status="PASS">
          <reporter-output>
          </reporter-output>
        </test-method> <!-- verifyHeaderElementsVisibility -->
        <test-method is-config="true" signature="tearDown()[pri:0, instance:com.magicbricks.tests.HomePageTest@25d250c6]" started-at="2026-08-31T22:17:59 IST" name="tearDown" finished-at="2026-08-31T22:17:59 IST" duration-ms="368" status="PASS">
          <reporter-output>
          </reporter-output>
        </test-method> <!-- tearDown -->
        <test-method is-config="true" signature="setUp()[pri:0, instance:com.magicbricks.tests.HomePageTest@25d250c6]" started-at="2026-08-31T22:17:59 IST" name="setUp" finished-at="2026-08-31T22:18:02 IST" duration-ms="2955" status="PASS">
          <reporter-output>
          </reporter-output>
        </test-method> <!-- setUp -->
        <test-method is-config="true" signature="initPage()[pri:0, instance:com.magicbricks.tests.HomePageTest@25d250c6]" started-at="2026-08-31T22:18:02 IST" name="initPage" finished-at="2026-08-31T22:18:02 IST" duration-ms="13" status="PASS">
          <reporter-output>
          </reporter-output>
        </test-method> <!-- initPage -->
        <test-method signature="verifySearchTabsPresenceAndDefaultState()[pri:3, instance:com.magicbricks.tests.HomePageTest@25d250c6]" started-at="2026-08-31T22:18:02 IST" name="verifySearchTabsPresenceAndDefaultState" description="TC_HP_003: Verify search tabs presence and Buy is default active" finished-at="2026-08-31T22:18:04 IST" duration-ms="1436" status="PASS">
          <reporter-output>
          </reporter-output>
        </test-method> <!-- verifySearchTabsPresenceAndDefaultState -->
        <test-method is-config="true" signature="tearDown()[pri:0, instance:com.magicbricks.tests.HomePageTest@25d250c6]" started-at="2026-08-31T22:18:04 IST" name="tearDown" finished-at="2026-08-31T22:18:04 IST" duration-ms="289" status="PASS">
          <reporter-output>
          </reporter-output>
        </test-method> <!-- tearDown -->
        <test-method is-config="true" signature="setUp()[pri:0, instance:com.magicbricks.tests.HomePageTest@25d250c6]" started-at="2026-08-31T22:18:05 IST" name="setUp" finished-at="2026-08-31T22:18:08 IST" duration-ms="3009" status="PASS">
          <reporter-output>
          </reporter-output>
        </test-method> <!-- setUp -->
        <test-method is-config="true" signature="initPage()[pri:0, instance:com.magicbricks.tests.HomePageTest@25d250c6]" started-at="2026-08-31T22:18:08 IST" name="initPage" finished-at="2026-08-31T22:18:08 IST" duration-ms="16" status="PASS">
          <reporter-output>
          </reporter-output>
        </test-method> <!-- initPage -->
        <test-method signature="verifySearchAutocompleteTriggers(java.lang.String,java.lang.String)[pri:4, instance:com.magicbricks.tests.HomePageTest@25d250c6]" started-at="2026-08-31T22:18:08 IST" name="verifySearchAutocompleteTriggers" description="TC_HP_004: Verify autocomplete suggestions appear when typing in search" data-provider="searchLocalitiesData" finished-at="2026-08-31T22:18:13 IST" duration-ms="4496" status="PASS">
          <params>
            <param index="0">
              <value>
                <![CDATA[Whitefield]]>
              </value>
            </param>
            <param index="1">
              <value>
                <![CDATA[Whitefield]]>
              </value>
            </param>
          </params>
          <reporter-output>
          </reporter-output>
        </test-method> <!-- verifySearchAutocompleteTriggers -->
        <test-method is-config="true" signature="tearDown()[pri:0, instance:com.magicbricks.tests.HomePageTest@25d250c6]" started-at="2026-08-31T22:18:13 IST" name="tearDown" finished-at="2026-08-31T22:18:13 IST" duration-ms="340" status="PASS">
          <reporter-output>
          </reporter-output>
        </test-method> <!-- tearDown -->
        <test-method is-config="true" signature="setUp()[pri:0, instance:com.magicbricks.tests.HomePageTest@25d250c6]" started-at="2026-08-31T22:18:13 IST" name="setUp" finished-at="2026-08-31T22:18:16 IST" duration-ms="3417" status="PASS">
          <reporter-output>
          </reporter-output>
        </test-method> <!-- setUp -->
        <test-method is-config="true" signature="initPage()[pri:0, instance:com.magicbricks.tests.HomePageTest@25d250c6]" started-at="2026-08-31T22:18:16 IST" name="initPage" finished-at="2026-08-31T22:18:16 IST" duration-ms="6" status="PASS">
          <reporter-output>
          </reporter-output>
        </test-method> <!-- initPage -->
        <test-method signature="verifySearchAutocompleteTriggers(java.lang.String,java.lang.String)[pri:4, instance:com.magicbricks.tests.HomePageTest@25d250c6]" started-at="2026-08-31T22:18:16 IST" name="verifySearchAutocompleteTriggers" description="TC_HP_004: Verify autocomplete suggestions appear when typing in search" data-provider="searchLocalitiesData" finished-at="2026-08-31T22:18:21 IST" duration-ms="4319" status="PASS">
          <params>
            <param index="0">
              <value>
                <![CDATA[Koramangala]]>
              </value>
            </param>
            <param index="1">
              <value>
                <![CDATA[Koramangala]]>
              </value>
            </param>
          </params>
          <reporter-output>
          </reporter-output>
        </test-method> <!-- verifySearchAutocompleteTriggers -->
        <test-method is-config="true" signature="tearDown()[pri:0, instance:com.magicbricks.tests.HomePageTest@25d250c6]" started-at="2026-08-31T22:18:21 IST" name="tearDown" finished-at="2026-08-31T22:18:21 IST" duration-ms="387" status="PASS">
          <reporter-output>
          </reporter-output>
        </test-method> <!-- tearDown -->
        <test-method is-config="true" signature="setUp()[pri:0, instance:com.magicbricks.tests.HomePageTest@25d250c6]" started-at="2026-08-31T22:18:21 IST" name="setUp" finished-at="2026-08-31T22:18:24 IST" duration-ms="3045" status="PASS">
          <reporter-output>
          </reporter-output>
        </test-method> <!-- setUp -->
        <test-method is-config="true" signature="initPage()[pri:0, instance:com.magicbricks.tests.HomePageTest@25d250c6]" started-at="2026-08-31T22:18:24 IST" name="initPage" finished-at="2026-08-31T22:18:24 IST" duration-ms="19" status="PASS">
          <reporter-output>
          </reporter-output>
        </test-method> <!-- initPage -->
        <test-method signature="verifySearchAutocompleteTriggers(java.lang.String,java.lang.String)[pri:4, instance:com.magicbricks.tests.HomePageTest@25d250c6]" started-at="2026-08-31T22:18:24 IST" name="verifySearchAutocompleteTriggers" description="TC_HP_004: Verify autocomplete suggestions appear when typing in search" data-provider="searchLocalitiesData" finished-at="2026-08-31T22:18:29 IST" duration-ms="4378" status="PASS">
          <params>
            <param index="0">
              <value>
                <![CDATA[Indiranagar]]>
              </value>
            </param>
            <param index="1">
              <value>
                <![CDATA[Indiranagar]]>
              </value>
            </param>
          </params>
          <reporter-output>
          </reporter-output>
        </test-method> <!-- verifySearchAutocompleteTriggers -->
        <test-method is-config="true" signature="tearDown()[pri:0, instance:com.magicbricks.tests.HomePageTest@25d250c6]" started-at="2026-08-31T22:18:29 IST" name="tearDown" finished-at="2026-08-31T22:18:32 IST" duration-ms="3253" status="PASS">
          <reporter-output>
          </reporter-output>
        </test-method> <!-- tearDown -->
        <test-method is-config="true" signature="setUp()[pri:0, instance:com.magicbricks.tests.HomePageTest@25d250c6]" started-at="2026-08-31T22:18:32 IST" name="setUp" finished-at="2026-08-31T22:18:35 IST" duration-ms="2707" status="PASS">
          <reporter-output>
          </reporter-output>
        </test-method> <!-- setUp -->
        <test-method is-config="true" signature="initPage()[pri:0, instance:com.magicbricks.tests.HomePageTest@25d250c6]" started-at="2026-08-31T22:18:35 IST" name="initPage" finished-at="2026-08-31T22:18:35 IST" duration-ms="59" status="PASS">
          <reporter-output>
          </reporter-output>
        </test-method> <!-- initPage -->
        <test-method signature="verifyTabSwitchingBuyRent()[pri:5, instance:com.magicbricks.tests.HomePageTest@25d250c6]" started-at="2026-08-31T22:18:35 IST" name="verifyTabSwitchingBuyRent" description="TC_HP_005: Verify Buy/Rent tab switching toggles active state" finished-at="2026-08-31T22:18:41 IST" duration-ms="6191" status="PASS">
          <reporter-output>
          </reporter-output>
        </test-method> <!-- verifyTabSwitchingBuyRent -->
        <test-method is-config="true" signature="tearDown()[pri:0, instance:com.magicbricks.tests.HomePageTest@25d250c6]" started-at="2026-08-31T22:18:41 IST" name="tearDown" finished-at="2026-08-31T22:18:41 IST" duration-ms="266" status="PASS">
          <reporter-output>
          </reporter-output>
        </test-method> <!-- tearDown -->
      </class> <!-- com.magicbricks.tests.HomePageTest -->
    </test> <!-- Home Page Module Tests -->
    <test started-at="2026-08-31T22:18:41 IST" name="Login Module Tests" finished-at="2026-08-31T22:21:19 IST" duration-ms="158208">
      <class name="com.magicbricks.tests.LoginTest">
        <test-method is-config="true" signature="setUp()[pri:0, instance:com.magicbricks.tests.LoginTest@9353778]" started-at="2026-08-31T22:18:41 IST" name="setUp" finished-at="2026-08-31T22:18:44 IST" duration-ms="3283" status="PASS">
          <reporter-output>
          </reporter-output>
        </test-method> <!-- setUp -->
        <test-method is-config="true" signature="initPages()[pri:0, instance:com.magicbricks.tests.LoginTest@9353778]" started-at="2026-08-31T22:18:44 IST" name="initPages" finished-at="2026-08-31T22:18:44 IST" duration-ms="41" status="PASS">
          <reporter-output>
          </reporter-output>
        </test-method> <!-- initPages -->
        <test-method signature="verifyLoginDropdownOpens()[pri:1, instance:com.magicbricks.tests.LoginTest@9353778]" started-at="2026-08-31T22:18:44 IST" name="verifyLoginDropdownOpens" description="TC_LG_001: Verify login dropdown opens and Login/Sign Up CTA is visible" finished-at="2026-08-31T22:18:47 IST" duration-ms="2836" status="PASS">
          <reporter-output>
          </reporter-output>
        </test-method> <!-- verifyLoginDropdownOpens -->
        <test-method is-config="true" signature="tearDown()[pri:0, instance:com.magicbricks.tests.LoginTest@9353778]" started-at="2026-08-31T22:18:47 IST" name="tearDown" finished-at="2026-08-31T22:18:49 IST" duration-ms="1338" status="PASS">
          <reporter-output>
          </reporter-output>
        </test-method> <!-- tearDown -->
        <test-method is-config="true" signature="setUp()[pri:0, instance:com.magicbricks.tests.LoginTest@9353778]" started-at="2026-08-31T22:18:49 IST" name="setUp" finished-at="2026-08-31T22:18:51 IST" duration-ms="2370" status="PASS">
          <reporter-output>
          </reporter-output>
        </test-method> <!-- setUp -->
        <test-method is-config="true" signature="initPages()[pri:0, instance:com.magicbricks.tests.LoginTest@9353778]" started-at="2026-08-31T22:18:51 IST" name="initPages" finished-at="2026-08-31T22:18:51 IST" duration-ms="2" status="PASS">
          <reporter-output>
          </reporter-output>
        </test-method> <!-- initPages -->
        <test-method signature="verifyValidMobileNumberEntry(java.lang.String,java.lang.String,java.lang.String)[pri:2, instance:com.magicbricks.tests.LoginTest@9353778]" started-at="2026-08-31T22:18:51 IST" name="verifyValidMobileNumberEntry" description="TC_LG_002: Verify valid 10-digit mobile number entry and OTP prompt on login page" data-provider="validLoginMobileData" finished-at="2026-08-31T22:19:11 IST" duration-ms="20143" status="PASS">
          <params>
            <param index="0">
              <value>
                <![CDATA[Primary Live Mobile (OTP flow)]]>
              </value>
            </param>
            <param index="1">
              <value>
                <![CDATA[9518306867]]>
              </value>
            </param>
            <param index="2">
              <value>
                <![CDATA[Valid]]>
              </value>
            </param>
          </params>
          <reporter-output>
          </reporter-output>
        </test-method> <!-- verifyValidMobileNumberEntry -->
        <test-method is-config="true" signature="tearDown()[pri:0, instance:com.magicbricks.tests.LoginTest@9353778]" started-at="2026-08-31T22:19:11 IST" name="tearDown" finished-at="2026-08-31T22:19:27 IST" duration-ms="15264" status="PASS">
          <reporter-output>
          </reporter-output>
        </test-method> <!-- tearDown -->
        <test-method is-config="true" signature="setUp()[pri:0, instance:com.magicbricks.tests.LoginTest@9353778]" started-at="2026-08-31T22:19:27 IST" name="setUp" finished-at="2026-08-31T22:19:32 IST" duration-ms="4920" status="PASS">
          <reporter-output>
          </reporter-output>
        </test-method> <!-- setUp -->
        <test-method is-config="true" signature="initPages()[pri:0, instance:com.magicbricks.tests.LoginTest@9353778]" started-at="2026-08-31T22:19:32 IST" name="initPages" finished-at="2026-08-31T22:19:32 IST" duration-ms="9" status="PASS">
          <reporter-output>
          </reporter-output>
        </test-method> <!-- initPages -->
        <test-method signature="verifyInvalidMobileNumberRejected(java.lang.String,java.lang.String,java.lang.String)[pri:3, instance:com.magicbricks.tests.LoginTest@9353778]" started-at="2026-08-31T22:19:32 IST" name="verifyInvalidMobileNumberRejected" description="TC_LG_003: Verify invalid mobile/email input is rejected with error" data-provider="invalidLoginMobileData" finished-at="2026-08-31T22:19:48 IST" duration-ms="16676" status="PASS">
          <params>
            <param index="0">
              <value>
                <![CDATA[Too short (5 digits)]]>
              </value>
            </param>
            <param index="1">
              <value>
                <![CDATA[12345]]>
              </value>
            </param>
            <param index="2">
              <value>
                <![CDATA[Invalid]]>
              </value>
            </param>
          </params>
          <reporter-output>
          </reporter-output>
        </test-method> <!-- verifyInvalidMobileNumberRejected -->
        <test-method is-config="true" signature="tearDown()[pri:0, instance:com.magicbricks.tests.LoginTest@9353778]" started-at="2026-08-31T22:19:48 IST" name="tearDown" finished-at="2026-08-31T22:20:02 IST" duration-ms="13969" status="PASS">
          <reporter-output>
          </reporter-output>
        </test-method> <!-- tearDown -->
        <test-method is-config="true" signature="setUp()[pri:0, instance:com.magicbricks.tests.LoginTest@9353778]" started-at="2026-08-31T22:20:02 IST" name="setUp" finished-at="2026-08-31T22:20:08 IST" duration-ms="5455" status="PASS">
          <reporter-output>
          </reporter-output>
        </test-method> <!-- setUp -->
        <test-method is-config="true" signature="initPages()[pri:0, instance:com.magicbricks.tests.LoginTest@9353778]" started-at="2026-08-31T22:20:08 IST" name="initPages" finished-at="2026-08-31T22:20:08 IST" duration-ms="9" status="PASS">
          <reporter-output>
          </reporter-output>
        </test-method> <!-- initPages -->
        <test-method signature="verifyInvalidMobileNumberRejected(java.lang.String,java.lang.String,java.lang.String)[pri:3, instance:com.magicbricks.tests.LoginTest@9353778]" started-at="2026-08-31T22:20:08 IST" name="verifyInvalidMobileNumberRejected" description="TC_LG_003: Verify invalid mobile/email input is rejected with error" data-provider="invalidLoginMobileData" finished-at="2026-08-31T22:20:27 IST" duration-ms="19028" status="PASS">
          <params>
            <param index="0">
              <value>
                <![CDATA[Alphabetic characters]]>
              </value>
            </param>
            <param index="1">
              <value>
                <![CDATA[abcdefghij]]>
              </value>
            </param>
            <param index="2">
              <value>
                <![CDATA[Invalid]]>
              </value>
            </param>
          </params>
          <reporter-output>
          </reporter-output>
        </test-method> <!-- verifyInvalidMobileNumberRejected -->
        <test-method is-config="true" signature="tearDown()[pri:0, instance:com.magicbricks.tests.LoginTest@9353778]" started-at="2026-08-31T22:20:27 IST" name="tearDown" finished-at="2026-08-31T22:20:41 IST" duration-ms="14540" status="PASS">
          <reporter-output>
          </reporter-output>
        </test-method> <!-- tearDown -->
        <test-method is-config="true" signature="setUp()[pri:0, instance:com.magicbricks.tests.LoginTest@9353778]" started-at="2026-08-31T22:20:41 IST" name="setUp" finished-at="2026-08-31T22:20:47 IST" duration-ms="5917" status="PASS">
          <reporter-output>
          </reporter-output>
        </test-method> <!-- setUp -->
        <test-method is-config="true" signature="initPages()[pri:0, instance:com.magicbricks.tests.LoginTest@9353778]" started-at="2026-08-31T22:20:47 IST" name="initPages" finished-at="2026-08-31T22:20:47 IST" duration-ms="6" status="PASS">
          <reporter-output>
          </reporter-output>
        </test-method> <!-- initPages -->
        <test-method signature="verifyInvalidMobileNumberRejected(java.lang.String,java.lang.String,java.lang.String)[pri:3, instance:com.magicbricks.tests.LoginTest@9353778]" started-at="2026-08-31T22:20:47 IST" name="verifyInvalidMobileNumberRejected" description="TC_LG_003: Verify invalid mobile/email input is rejected with error" data-provider="invalidLoginMobileData" finished-at="2026-08-31T22:21:06 IST" duration-ms="18177" status="PASS">
          <params>
            <param index="0">
              <value>
                <![CDATA[Special characters]]>
              </value>
            </param>
            <param index="1">
              <value>
                <![CDATA[!@#$%^&*]]>
              </value>
            </param>
            <param index="2">
              <value>
                <![CDATA[Invalid]]>
              </value>
            </param>
          </params>
          <reporter-output>
          </reporter-output>
        </test-method> <!-- verifyInvalidMobileNumberRejected -->
        <test-method is-config="true" signature="tearDown()[pri:0, instance:com.magicbricks.tests.LoginTest@9353778]" started-at="2026-08-31T22:21:06 IST" name="tearDown" finished-at="2026-08-31T22:21:19 IST" duration-ms="13820" status="PASS">
          <reporter-output>
          </reporter-output>
        </test-method> <!-- tearDown -->
      </class> <!-- com.magicbricks.tests.LoginTest -->
    </test> <!-- Login Module Tests -->
  </suite> <!-- MagicBricks Automation Suite -->
</testng-results>
