<?xml version="1.0" encoding="UTF-8"?>
<!-- Generated by org.testng.reporters.JUnitReportReporter -->
<testsuite hostname="SUJALs-MacBook-Air.local" failures="0" tests="7" name="com.magicbricks.tests.HomePageTest" time="59.247" errors="0" timestamp="2026-08-31T22:21:20 IST" skipped="0">
  <testcase classname="com.magicbricks.tests.HomePageTest" name="verifyHomePageTitle" time="4.631"/>
  <testcase classname="com.magicbricks.tests.HomePageTest" name="verifyHeaderElementsVisibility" time="6.891"/>
  <testcase classname="com.magicbricks.tests.HomePageTest" name="verifySearchTabsPresenceAndDefaultState" time="15.167"/>
  <testcase classname="com.magicbricks.tests.HomePageTest" name="verifySearchAutocompleteTriggers" time="7.791"/>
  <testcase classname="com.magicbricks.tests.HomePageTest" name="verifySearchAutocompleteTriggers" time="7.609"/>
  <testcase classname="com.magicbricks.tests.HomePageTest" name="verifySearchAutocompleteTriggers" time="7.679"/>
  <testcase classname="com.magicbricks.tests.HomePageTest" name="verifyTabSwitchingBuyRent" time="9.479"/>
</testsuite> <!-- com.magicbricks.tests.HomePageTest -->
