<?xml version="1.0" encoding="UTF-8"?>
<!-- Generated by org.testng.reporters.JUnitReportReporter -->
<testsuite hostname="SUJALs-MacBook-Air.local" failures="0" tests="5" name="com.magicbricks.tests.HomePageTest" time="258.950" errors="0" timestamp="2026-08-31T21:34:20 IST" skipped="0">
  <testcase classname="com.magicbricks.tests.HomePageTest" name="verifyHomePageTitle" time="89.196"/>
  <testcase classname="com.magicbricks.tests.HomePageTest" name="verifyHeaderElementsVisibility" time="4.304"/>
  <testcase classname="com.magicbricks.tests.HomePageTest" name="verifySearchTabsPresenceAndDefaultState" time="3.604"/>
  <testcase classname="com.magicbricks.tests.HomePageTest" name="verifySearchAutocompleteTriggers" time="158.316"/>
  <testcase classname="com.magicbricks.tests.HomePageTest" name="verifyTabSwitchingBuyRent" time="3.530"/>
</testsuite> <!-- com.magicbricks.tests.HomePageTest -->
