<?xml version="1.0" encoding="UTF-8"?>
<!-- Generated by org.testng.reporters.JUnitReportReporter -->
<testsuite hostname="SUJALs-MacBook-Air.local" failures="0" tests="5" name="com.magicbricks.tests.LoginTest" time="152.126" errors="0" timestamp="2026-08-31T23:50:07 IST" skipped="0">
  <testcase classname="com.magicbricks.tests.LoginTest" name="verifyLoginDropdownOpens" time="9.435"/>
  <testcase classname="com.magicbricks.tests.LoginTest" name="verifyValidMobileNumberEntry" time="36.495"/>
  <testcase classname="com.magicbricks.tests.LoginTest" name="verifyInvalidMobileNumberRejected" time="37.232"/>
  <testcase classname="com.magicbricks.tests.LoginTest" name="verifyInvalidMobileNumberRejected" time="35.828"/>
  <testcase classname="com.magicbricks.tests.LoginTest" name="verifyInvalidMobileNumberRejected" time="33.136"/>
</testsuite> <!-- com.magicbricks.tests.LoginTest -->
