<?xml version="1.0" encoding="UTF-8"?>
<!-- Generated by org.testng.reporters.JUnitReportReporter -->
<testsuite hostname="SUJALs-MacBook-Air.local" failures="0" tests="3" name="com.magicbricks.tests.LoginTest" time="74.475" errors="0" timestamp="2026-08-31T21:34:20 IST" skipped="0">
  <testcase classname="com.magicbricks.tests.LoginTest" name="verifyLoginDropdownOpens" time="2.985"/>
  <testcase classname="com.magicbricks.tests.LoginTest" name="verifyValidMobileNumberEntry" time="4.314"/>
  <testcase classname="com.magicbricks.tests.LoginTest" name="verifyInvalidMobileNumberRejected" time="67.176"/>
</testsuite> <!-- com.magicbricks.tests.LoginTest -->
