<?xml version="1.0" encoding="UTF-8"?>
<!-- Generated by org.testng.reporters.JUnitXMLReporter -->
<testsuite ignored="0" hostname="SUJALs-MacBook-Air.local" failures="0" tests="5" name="Home Page Tests" time="259.625" errors="0" timestamp="2026-08-31T21:33:05 IST">
  <testcase classname="com.magicbricks.tests.HomePageTest" name="verifyHomePageTitle" time="0.011"/>
  <testcase classname="com.magicbricks.tests.HomePageTest" name="verifyHeaderElementsVisibility" time="0.018"/>
  <testcase classname="com.magicbricks.tests.HomePageTest" name="verifySearchTabsPresenceAndDefaultState" time="0.006"/>
  <testcase classname="com.magicbricks.tests.HomePageTest" name="verifySearchAutocompleteTriggers" time="0.001"/>
  <testcase classname="com.magicbricks.tests.HomePageTest" name="verifyTabSwitchingBuyRent" time="0.003"/>
</testsuite> <!-- Home Page Tests -->
