<?xml version="1.0" encoding="UTF-8"?>
<!-- Generated by org.testng.reporters.JUnitXMLReporter -->
<testsuite ignored="0" hostname="SUJALs-MacBook-Air.local" failures="0" tests="10" name="Home Page Module Tests" time="115.929" errors="0" timestamp="2026-08-31T23:47:28 IST">
  <testcase classname="com.magicbricks.tests.HomePageTest" name="verifyHomePageTitle" time="0.045"/>
  <testcase classname="com.magicbricks.tests.HomePageTest" name="verifyHeaderElementsVisibility" time="3.08"/>
  <testcase classname="com.magicbricks.tests.HomePageTest" name="verifySearchTabsPresenceAndDefaultState" time="1.905"/>
  <testcase classname="com.magicbricks.tests.HomePageTest" name="verifySearchAutocompleteTriggers" time="4.324"/>
  <testcase classname="com.magicbricks.tests.HomePageTest" name="verifySearchAutocompleteTriggers" time="3.883"/>
  <testcase classname="com.magicbricks.tests.HomePageTest" name="verifySearchAutocompleteTriggers" time="4.046"/>
  <testcase classname="com.magicbricks.tests.HomePageTest" name="verifyTabSwitchingBuyRent" time="4.134"/>
  <testcase classname="com.magicbricks.tests.HomePageTest" name="verifyMidPageSectionScrollAndContent" time="2.5"/>
  <testcase classname="com.magicbricks.tests.HomePageTest" name="verifyFooterSectionScrollAndLinks" time="2.234"/>
  <testcase classname="com.magicbricks.tests.HomePageTest" name="verifyScrollToTopBehavior" time="2.872"/>
</testsuite> <!-- Home Page Module Tests -->
