<?xml version="1.0" encoding="UTF-8"?>
<!-- Generated by org.testng.reporters.JUnitXMLReporter -->
<testsuite ignored="0" hostname="SUJALs-MacBook-Air.local" failures="0" tests="10" name="Home Page Module Tests" time="91.374" errors="0" timestamp="2026-08-31T23:29:27 IST">
  <testcase classname="com.magicbricks.tests.HomePageTest" name="verifyHomePageTitle" time="0.024"/>
  <testcase classname="com.magicbricks.tests.HomePageTest" name="verifyHeaderElementsVisibility" time="2.968"/>
  <testcase classname="com.magicbricks.tests.HomePageTest" name="verifySearchTabsPresenceAndDefaultState" time="2.249"/>
  <testcase classname="com.magicbricks.tests.HomePageTest" name="verifySearchAutocompleteTriggers" time="4.096"/>
  <testcase classname="com.magicbricks.tests.HomePageTest" name="verifySearchAutocompleteTriggers" time="3.719"/>
  <testcase classname="com.magicbricks.tests.HomePageTest" name="verifySearchAutocompleteTriggers" time="4.366"/>
  <testcase classname="com.magicbricks.tests.HomePageTest" name="verifyTabSwitchingBuyRent" time="4.455"/>
  <testcase classname="com.magicbricks.tests.HomePageTest" name="verifyMidPageSectionScrollAndContent" time="2.106"/>
  <testcase classname="com.magicbricks.tests.HomePageTest" name="verifyFooterSectionScrollAndLinks" time="2.536"/>
  <testcase classname="com.magicbricks.tests.HomePageTest" name="verifyScrollToTopBehavior" time="3.034"/>
</testsuite> <!-- Home Page Module Tests -->
