<?xml version="1.0" encoding="UTF-8"?>
<!-- Generated by org.testng.reporters.JUnitXMLReporter -->
<testsuite ignored="0" hostname="SUJALs-MacBook-Air.local" failures="0" tests="5" name="Login Module Tests" time="158.208" errors="0" timestamp="2026-08-31T22:21:19 IST">
  <testcase classname="com.magicbricks.tests.LoginTest" name="verifyLoginDropdownOpens" time="2.836"/>
  <testcase classname="com.magicbricks.tests.LoginTest" name="verifyValidMobileNumberEntry" time="20.143"/>
  <testcase classname="com.magicbricks.tests.LoginTest" name="verifyInvalidMobileNumberRejected" time="16.676"/>
  <testcase classname="com.magicbricks.tests.LoginTest" name="verifyInvalidMobileNumberRejected" time="19.028"/>
  <testcase classname="com.magicbricks.tests.LoginTest" name="verifyInvalidMobileNumberRejected" time="18.177"/>
</testsuite> <!-- Login Module Tests -->
