<?xml version="1.0" encoding="UTF-8"?>
<!-- Generated by org.testng.reporters.JUnitXMLReporter -->
<testsuite ignored="0" hostname="SUJALs-MacBook-Air.local" failures="0" tests="3" name="Login Tests" time="74.545" errors="0" timestamp="2026-08-31T21:34:20 IST">
  <testcase classname="com.magicbricks.tests.LoginTest" name="verifyLoginDropdownOpens" time="0.002"/>
  <testcase classname="com.magicbricks.tests.LoginTest" name="verifyValidMobileNumberEntry" time="0.024"/>
  <testcase classname="com.magicbricks.tests.LoginTest" name="verifyInvalidMobileNumberRejected" time="0.007"/>
</testsuite> <!-- Login Tests -->
