<?xml version="1.0" encoding="UTF-8"?>
<!-- Generated by org.testng.reporters.JUnitXMLReporter -->
<testsuite ignored="0" hostname="SUJALs-MacBook-Air.local" failures="0" tests="5" name="Login Module Tests" time="152.176" errors="0" timestamp="2026-08-31T22:49:55 IST">
  <testcase classname="com.magicbricks.tests.LoginTest" name="verifyLoginDropdownOpens" time="1.367"/>
  <testcase classname="com.magicbricks.tests.LoginTest" name="verifyValidMobileNumberEntry" time="27.224"/>
  <testcase classname="com.magicbricks.tests.LoginTest" name="verifyInvalidMobileNumberRejected" time="26.248"/>
  <testcase classname="com.magicbricks.tests.LoginTest" name="verifyInvalidMobileNumberRejected" time="26.208"/>
  <testcase classname="com.magicbricks.tests.LoginTest" name="verifyInvalidMobileNumberRejected" time="26.4"/>
</testsuite> <!-- Login Module Tests -->
